<?xml version="1.0" encoding="UTF-8"?>
<!-- Generated by org.testng.reporters.JUnitXMLReporter -->
<testsuite hostname="toshiba-PC" name="Test" tests="4" failures="0" timestamp="21 Aug 2020 17:04:35 GMT" time="41.695" errors="0">
  <testcase name="@BeforeClass initUtlities" time="0.0" classname="tests.LocationPagePermissionTest">
    <failure type="org.openqa.selenium.NoSuchElementException" message="Cannot locate an element using xpath=/html/body/div[3]/nav/div[2]/ul/li[5]/a
For documentation on this error, please visit: https://www.seleniumhq.org/exceptions/no_such_element.html
Build info: version: &amp;apos;3.141.59&amp;apos;, revision: &amp;apos;e82be7d358&amp;apos;, time: &amp;apos;2018-11-14T08:17:03&amp;apos;
System info: host: &amp;apos;TOSHIBA-PC&amp;apos;, ip: &amp;apos;192.168.56.1&amp;apos;, os.name: &amp;apos;Windows 7&amp;apos;, os.arch: &amp;apos;amd64&amp;apos;, os.version: &amp;apos;6.1&amp;apos;, java.version: &amp;apos;1.8.0_201&amp;apos;
Driver info: driver.version: RemoteWebDriver">
      <![CDATA[org.openqa.selenium.NoSuchElementException: Cannot locate an element using xpath=/html/body/div[3]/nav/div[2]/ul/li[5]/a
For documentation on this error, please visit: https://www.seleniumhq.org/exceptions/no_such_element.html
Build info: version: '3.141.59', revision: 'e82be7d358', time: '2018-11-14T08:17:03'
System info: host: 'TOSHIBA-PC', ip: '192.168.56.1', os.name: 'Windows 7', os.arch: 'amd64', os.version: '6.1', java.version: '1.8.0_201'
Driver info: driver.version: RemoteWebDriver
	at org.openqa.selenium.remote.RemoteWebDriver.findElement(RemoteWebDriver.java:327)
	at org.openqa.selenium.remote.RemoteWebDriver.findElementByXPath(RemoteWebDriver.java:428)
	at org.openqa.selenium.By$ByXPath.findElement(By.java:353)
	at org.openqa.selenium.remote.RemoteWebDriver.findElement(RemoteWebDriver.java:315)
	at pageobjects.admin.AdminPage.accountsTab(AdminPage.java:26)
	at pageobjects.admin.AdminUtil.addNewAdminWindow(AdminUtil.java:17)
	at tests.LocationPagePermissionTest.naviagteToLocationPage(LocationPagePermissionTest.java:56)
	at tests.LocationPagePermissionTest.initUtlities(LocationPagePermissionTest.java:43)
... Removed 24 stack frames]]>
    </failure>
  </testcase> <!-- @BeforeClass initUtlities -->
  <testcase name="testWhenAddLocationThenPassSucessfully" time="0.014" classname="tests.LocationPagePermissionTest">
    <skipped/>
  </testcase> <!-- testWhenAddLocationThenPassSucessfully -->
  <testcase name="testWhenAdminWithNoDeletePermissionThenDeleteActionHidden" time="0.008" classname="tests.LocationPagePermissionTest">
    <skipped/>
  </testcase> <!-- testWhenAdminWithNoDeletePermissionThenDeleteActionHidden -->
  <testcase name="testWhenEditLocationThenPassSuccessfully" time="0.006" classname="tests.LocationPagePermissionTest">
    <skipped/>
  </testcase> <!-- testWhenEditLocationThenPassSuccessfully -->
  <testcase name="testWhenEditLocationThenPassSuccessfully" time="0.007" classname="tests.LocationPagePermissionTest">
    <skipped/>
  </testcase> <!-- testWhenEditLocationThenPassSuccessfully -->
</testsuite> <!-- Test -->
