<html>
<head>
<title>TestNG:  Test</title>
<link href="../testng.css" rel="stylesheet" type="text/css" />
<link href="../my-testng.css" rel="stylesheet" type="text/css" />

<style type="text/css">
.log { display: none;} 
.stack-trace { display: none;} 
</style>
<script type="text/javascript">
<!--
function flip(e) {
  current = e.style.display;
  if (current == 'block') {
    e.style.display = 'none';
    return 0;
  }
  else {
    e.style.display = 'block';
    return 1;
  }
}

function toggleBox(szDivId, elem, msg1, msg2)
{
  var res = -1;  if (document.getElementById) {
    res = flip(document.getElementById(szDivId));
  }
  else if (document.all) {
    // this is the way old msie versions work
    res = flip(document.all[szDivId]);
  }
  if(elem) {
    if(res == 0) elem.innerHTML = msg1; else elem.innerHTML = msg2;
  }

}

function toggleAllBoxes() {
  if (document.getElementsByTagName) {
    d = document.getElementsByTagName('div');
    for (i = 0; i < d.length; i++) {
      if (d[i].className == 'log') {
        flip(d[i]);
      }
    }
  }
}

// -->
</script>

</head>
<body>
<h2 align='center'>Test</h2><table border='1' align="center">
<tr>
<td>Tests passed/Failed/Skipped:</td><td>0/0/4</td>
</tr><tr>
<td>Started on:</td><td>Fri Aug 21 19:03:53 EET 2020</td>
</tr>
<tr><td>Total time:</td><td>41 seconds (41695 ms)</td>
</tr><tr>
<td>Included groups:</td><td></td>
</tr><tr>
<td>Excluded groups:</td><td></td>
</tr>
</table><p/>
<small><i>(Hover the method name to see the test class name)</i></small><p/>
<table width='100%' border='1' class='invocation-failed'>
<tr><td colspan='4' align='center'><b>FAILED CONFIGURATIONS</b></td></tr>
<tr><td><b>Test method</b></td>
<td width="30%"><b>Exception</b></td>
<td width="10%"><b>Time (seconds)</b></td>
<td><b>Instance</b></td>
</tr>
<tr>
<td title='tests.LocationPagePermissionTest.initUtlities()'><b>initUtlities</b><br>Test class: tests.LocationPagePermissionTest</td>
<td><div><pre>org.openqa.selenium.NoSuchElementException: Cannot locate an element using xpath=/html/body/div[3]/nav/div[2]/ul/li[5]/a
For documentation on this error, please visit: https://www.seleniumhq.org/exceptions/no_such_element.html
Build info: version: &apos;3.141.59&apos;, revision: &apos;e82be7d358&apos;, time: &apos;2018-11-14T08:17:03&apos;
System info: host: &apos;TOSHIBA-PC&apos;, ip: &apos;192.168.56.1&apos;, os.name: &apos;Windows 7&apos;, os.arch: &apos;amd64&apos;, os.version: &apos;6.1&apos;, java.version: &apos;1.8.0_201&apos;
Driver info: driver.version: RemoteWebDriver
	at org.openqa.selenium.remote.RemoteWebDriver.findElement(RemoteWebDriver.java:327)
	at org.openqa.selenium.remote.RemoteWebDriver.findElementByXPath(RemoteWebDriver.java:428)
	at org.openqa.selenium.By$ByXPath.findElement(By.java:353)
	at org.openqa.selenium.remote.RemoteWebDriver.findElement(RemoteWebDriver.java:315)
	at pageobjects.admin.AdminPage.accountsTab(AdminPage.java:26)
	at pageobjects.admin.AdminUtil.addNewAdminWindow(AdminUtil.java:17)
	at tests.LocationPagePermissionTest.naviagteToLocationPage(LocationPagePermissionTest.java:56)
	at tests.LocationPagePermissionTest.initUtlities(LocationPagePermissionTest.java:43)
... Removed 24 stack frames</pre></div><a href='#' onClick='toggleBox("stack-trace1616359099", this, "Click to show all stack frames", "Click to hide stack frames")'>Click to show all stack frames</a>
<div class='stack-trace' id='stack-trace1616359099'><pre>org.openqa.selenium.NoSuchElementException: Cannot locate an element using xpath=/html/body/div[3]/nav/div[2]/ul/li[5]/a
For documentation on this error, please visit: https://www.seleniumhq.org/exceptions/no_such_element.html
Build info: version: &apos;3.141.59&apos;, revision: &apos;e82be7d358&apos;, time: &apos;2018-11-14T08:17:03&apos;
System info: host: &apos;TOSHIBA-PC&apos;, ip: &apos;192.168.56.1&apos;, os.name: &apos;Windows 7&apos;, os.arch: &apos;amd64&apos;, os.version: &apos;6.1&apos;, java.version: &apos;1.8.0_201&apos;
Driver info: driver.version: RemoteWebDriver
	at org.openqa.selenium.remote.RemoteWebDriver.findElement(RemoteWebDriver.java:327)
	at org.openqa.selenium.remote.RemoteWebDriver.findElementByXPath(RemoteWebDriver.java:428)
	at org.openqa.selenium.By$ByXPath.findElement(By.java:353)
	at org.openqa.selenium.remote.RemoteWebDriver.findElement(RemoteWebDriver.java:315)
	at pageobjects.admin.AdminPage.accountsTab(AdminPage.java:26)
	at pageobjects.admin.AdminUtil.addNewAdminWindow(AdminUtil.java:17)
	at tests.LocationPagePermissionTest.naviagteToLocationPage(LocationPagePermissionTest.java:56)
	at tests.LocationPagePermissionTest.initUtlities(LocationPagePermissionTest.java:43)
	at sun.reflect.NativeMethodAccessorImpl.invoke0(Native Method)
	at sun.reflect.NativeMethodAccessorImpl.invoke(NativeMethodAccessorImpl.java:62)
	at sun.reflect.DelegatingMethodAccessorImpl.invoke(DelegatingMethodAccessorImpl.java:43)
	at java.lang.reflect.Method.invoke(Method.java:498)
	at org.testng.internal.MethodInvocationHelper.invokeMethod(MethodInvocationHelper.java:86)
	at org.testng.internal.Invoker.invokeConfigurationMethod(Invoker.java:514)
	at org.testng.internal.Invoker.invokeConfigurations(Invoker.java:215)
	at org.testng.internal.Invoker.invokeConfigurations(Invoker.java:142)
	at org.testng.internal.TestMethodWorker.invokeBeforeClassMethods(TestMethodWorker.java:178)
	at org.testng.internal.TestMethodWorker.run(TestMethodWorker.java:108)
	at org.testng.TestRunner.privateRun(TestRunner.java:782)
	at org.testng.TestRunner.run(TestRunner.java:632)
	at org.testng.SuiteRunner.runTest(SuiteRunner.java:366)
	at org.testng.SuiteRunner.runSequentially(SuiteRunner.java:361)
	at org.testng.SuiteRunner.privateRun(SuiteRunner.java:319)
	at org.testng.SuiteRunner.run(SuiteRunner.java:268)
	at org.testng.SuiteRunnerWorker.runSuite(SuiteRunnerWorker.java:52)
	at org.testng.SuiteRunnerWorker.run(SuiteRunnerWorker.java:86)
	at org.testng.TestNG.runSuitesSequentially(TestNG.java:1244)
	at org.testng.TestNG.runSuitesLocally(TestNG.java:1169)
	at org.testng.TestNG.run(TestNG.java:1064)
	at org.testng.remote.RemoteTestNG.run(RemoteTestNG.java:113)
	at org.testng.remote.RemoteTestNG.initAndRun(RemoteTestNG.java:206)
	at org.testng.remote.RemoteTestNG.main(RemoteTestNG.java:177)
</pre></div></td>
<td>0</td>
<td>tests.LocationPagePermissionTest@3bd94634</td></tr>
</table><p>
<table width='100%' border='1' class='invocation-skipped'>
<tr><td colspan='4' align='center'><b>SKIPPED TESTS</b></td></tr>
<tr><td><b>Test method</b></td>
<td width="30%"><b>Exception</b></td>
<td width="10%"><b>Time (seconds)</b></td>
<td><b>Instance</b></td>
</tr>
<tr>
<td title='tests.LocationPagePermissionTest.testWhenAddLocationThenPassSucessfully()'><b>testWhenAddLocationThenPassSucessfully</b><br>Test class: tests.LocationPagePermissionTest<br>Test method: Check New Admin has permission to add location<br>Parameters: lebanon, Beirut, Lebanon, 35.5017761, 33.8937919</td>
<td></td>
<td>0</td>
<td>tests.LocationPagePermissionTest@3bd94634</td></tr>
<tr>
<td title='tests.LocationPagePermissionTest.testWhenAdminWithNoDeletePermissionThenDeleteActionHidden()'><b>testWhenAdminWithNoDeletePermissionThenDeleteActionHidden</b><br>Test class: tests.LocationPagePermissionTest<br>Test method: Check New Admin has no permission to delete location</td>
<td></td>
<td>0</td>
<td>tests.LocationPagePermissionTest@3bd94634</td></tr>
<tr>
<td title='tests.LocationPagePermissionTest.testWhenEditLocationThenPassSuccessfully()'><b>testWhenEditLocationThenPassSuccessfully</b><br>Test class: tests.LocationPagePermissionTest<br>Test method: Check New Admin has permission to edit location<br>Parameters: United Arab Emirates, Dubai - United Arab Emirates, 55.2707828, 25.2048493</td>
<td></td>
<td>0</td>
<td>tests.LocationPagePermissionTest@3bd94634</td></tr>
<tr>
<td title='tests.LocationPagePermissionTest.testWhenEditLocationThenPassSuccessfully()'><b>testWhenEditLocationThenPassSuccessfully</b><br>Test class: tests.LocationPagePermissionTest<br>Test method: Check New Admin has permission to edit location<br>Parameters: Turkey, Turkey, 35.243322, 38.963745</td>
<td></td>
<td>0</td>
<td>tests.LocationPagePermissionTest@3bd94634</td></tr>
</table><p>
</body>
</html>